Using pre-set license
Built from '2022.2/release' branch; Version is '2022.2.1f1 (4fead5835099) revision 5237461'; Using compiler version '192829333'; Build Type 'Release'
OS: 'Windows 10  (10.0.19044) 64bit Core' Language: 'en' Physical Memory: 16205 MB
BatchMode: 1, IsHumanControllingUs: 0, StartBugReporterOnCrash: 0, Is64bit: 1, IsPro: 1

COMMAND LINE ARGUMENTS:
C:\Users\Marc\Desktop\Organizing Folder\Game Development\2022.2.1f1\Editor\Unity.exe
-adb2
-batchMode
-noUpm
-name
AssetImportWorker4
-projectPath
D:/School/Unity Projects/GDD403-W2023-ICE2
-logFile
Logs/AssetImportWorker4.log
-srvPort
61604
Successfully changed project path to: D:/School/Unity Projects/GDD403-W2023-ICE2
D:/School/Unity Projects/GDD403-W2023-ICE2
[UnityMemory] Configuration Parameters - Can be set up in boot.config
    "memorysetup-bucket-allocator-granularity=16"
    "memorysetup-bucket-allocator-bucket-count=8"
    "memorysetup-bucket-allocator-block-size=33554432"
    "memorysetup-bucket-allocator-block-count=8"
    "memorysetup-main-allocator-block-size=16777216"
    "memorysetup-thread-allocator-block-size=16777216"
    "memorysetup-gfx-main-allocator-block-size=16777216"
    "memorysetup-gfx-thread-allocator-block-size=16777216"
    "memorysetup-cache-allocator-block-size=4194304"
    "memorysetup-typetree-allocator-block-size=2097152"
    "memorysetup-profiler-bucket-allocator-granularity=16"
    "memorysetup-profiler-bucket-allocator-bucket-count=8"
    "memorysetup-profiler-bucket-allocator-block-size=33554432"
    "memorysetup-profiler-bucket-allocator-block-count=8"
    "memorysetup-profiler-allocator-block-size=16777216"
    "memorysetup-profiler-editor-allocator-block-size=1048576"
    "memorysetup-temp-allocator-size-main=16777216"
    "memorysetup-job-temp-allocator-block-size=2097152"
    "memorysetup-job-temp-allocator-block-size-background=1048576"
    "memorysetup-job-temp-allocator-reduction-small-platforms=262144"
    "memorysetup-temp-allocator-size-background-worker=32768"
    "memorysetup-temp-allocator-size-job-worker=262144"
    "memorysetup-temp-allocator-size-preload-manager=33554432"
    "memorysetup-temp-allocator-size-nav-mesh-worker=65536"
    "memorysetup-temp-allocator-size-audio-worker=65536"
    "memorysetup-temp-allocator-size-cloud-worker=32768"
    "memorysetup-temp-allocator-size-gi-baking-worker=262144"
    "memorysetup-temp-allocator-size-gfx=262144"
Player connection [20596] Host "[IP] 192.168.1.116 [Port] 0 [Flags] 2 [Guid] 1030198022 [EditorId] 1030198022 [Version] 1048832 [Id] WindowsEditor(7,MSI) [Debug] 1 [PackageName] WindowsEditor [ProjectName] Editor" joined multi-casting on [225.0.0.222:54997]...

Player connection [20596] Host "[IP] 192.168.1.116 [Port] 0 [Flags] 2 [Guid] 1030198022 [EditorId] 1030198022 [Version] 1048832 [Id] WindowsEditor(7,MSI) [Debug] 1 [PackageName] WindowsEditor [ProjectName] Editor" joined alternative multi-casting on [225.0.0.222:34997]...

Refreshing native plugins compatible for Editor in 6.05 ms, found 3 plugins.
Preloading 0 native plugins for Editor in 0.00 ms.
Initialize engine version: 2022.2.1f1 (4fead5835099)
[Subsystems] Discovering subsystems at path C:/Users/Marc/Desktop/Organizing Folder/Game Development/2022.2.1f1/Editor/Data/Resources/UnitySubsystems
[Subsystems] Discovering subsystems at path D:/School/Unity Projects/GDD403-W2023-ICE2/Assets
GfxDevice: creating device client; threaded=0; jobified=0
Direct3D:
    Version:  Direct3D 11.0 [level 11.1]
    Renderer: NVIDIA GeForce RTX 3060 Laptop GPU (ID=0x2520)
    Vendor:   NVIDIA
    VRAM:     6023 MB
    Driver:   31.0.15.1748
Initialize mono
Mono path[0] = 'C:/Users/Marc/Desktop/Organizing Folder/Game Development/2022.2.1f1/Editor/Data/Managed'
Mono path[1] = 'C:/Users/Marc/Desktop/Organizing Folder/Game Development/2022.2.1f1/Editor/Data/MonoBleedingEdge/lib/mono/unityjit-win32'
Mono config path = 'C:/Users/Marc/Desktop/Organizing Folder/Game Development/2022.2.1f1/Editor/Data/MonoBleedingEdge/etc'
Using monoOptions --debugger-agent=transport=dt_socket,embedding=1,server=y,suspend=n,address=127.0.0.1:56592
Begin MonoManager ReloadAssembly
Registering precompiled unity dll's ...
Register platform support module: C:/Users/Marc/Desktop/Organizing Folder/Game Development/2022.2.1f1/Editor/Data/PlaybackEngines/WebGLSupport/UnityEditor.WebGL.Extensions.dll
Register platform support module: C:/Users/Marc/Desktop/Organizing Folder/Game Development/2022.2.1f1/Editor/Data/PlaybackEngines/WindowsStandaloneSupport/UnityEditor.WindowsStandalone.Extensions.dll
Registered in 0.029025 seconds.
- Loaded All Assemblies, in  0.486 seconds
Native extension for WindowsStandalone target not found
Native extension for WebGL target not found
Mono: successfully reloaded assembly
- Finished resetting the current domain, in  0.260 seconds
Domain Reload Profiling:
	ReloadAssembly (301ms)
		BeginReloadAssembly (124ms)
			ExecutionOrderSort (0ms)
			DisableScriptedObjects (0ms)
			BackupInstance (0ms)
			ReleaseScriptingObjects (0ms)
			CreateAndSetChildDomain (1ms)
		LoadAllAssembliesAndSetupDomain (0ms)
			LoadAssemblies (120ms)
			RebuildTransferFunctionScriptingTraits (0ms)
			SetupTypeCache (175ms)
				TypeCache.Initialize (174ms)
					TypeCache.ScanAssembly (173ms)
				ResolveRequiredComponents (0ms)
		FinalizeReload (0ms)
			ReleaseScriptCaches (0ms)
			RebuildScriptCaches (0ms)
			SetupLoadedEditorAssemblies (205ms)
				LogAssemblyErrors (0ms)
				InitializePlatformSupportModulesInManaged (10ms)
				SetLoadedEditorAssemblies (5ms)
				RefreshPlugins (0ms)
				BeforeProcessingInitializeOnLoad (1ms)
				ProcessInitializeOnLoadAttributes (140ms)
				ProcessInitializeOnLoadMethodAttributes (49ms)
				AfterProcessingInitializeOnLoad (0ms)
				EditorAssembliesLoaded (0ms)
			ExecutionOrderSort2 (0ms)
			AwakeInstancesAfterBackupRestoration (0ms)
========================================================================
Worker process is ready to serve import requests
Begin MonoManager ReloadAssembly
Symbol file LoadedFromMemory doesn't match image D:\School\Unity Projects\GDD403-W2023-ICE2\Library\PackageCache\com.unity.visualscripting@1.7.8\Editor\VisualScripting.Core\Dependencies\YamlDotNet\Unity.VisualScripting.YamlDotNet.dll
Symbol file LoadedFromMemory doesn't match image D:\School\Unity Projects\GDD403-W2023-ICE2\Library\PackageCache\com.unity.visualscripting@1.7.8\Editor\VisualScripting.Core\Dependencies\DotNetZip\Unity.VisualScripting.IonicZip.dll
- Loaded All Assemblies, in  0.815 seconds
Refreshing native plugins compatible for Editor in 2.37 ms, found 3 plugins.
Native extension for WindowsStandalone target not found
Native extension for WebGL target not found
Mono: successfully reloaded assembly
- Finished resetting the current domain, in  0.822 seconds
Domain Reload Profiling:
	ReloadAssembly (220ms)
		BeginReloadAssembly (121ms)
			ExecutionOrderSort (0ms)
			DisableScriptedObjects (5ms)
			BackupInstance (0ms)
			ReleaseScriptingObjects (0ms)
			CreateAndSetChildDomain (21ms)
		LoadAllAssembliesAndSetupDomain (590ms)
			LoadAssemblies (89ms)
			RebuildTransferFunctionScriptingTraits (0ms)
			SetupTypeCache (556ms)
				TypeCache.Initialize (290ms)
					TypeCache.ScanAssembly (286ms)
				ResolveRequiredComponents (5ms)
		FinalizeReload (0ms)
			ReleaseScriptCaches (0ms)
			RebuildScriptCaches (0ms)
			SetupLoadedEditorAssemblies (636ms)
				LogAssemblyErrors (0ms)
				InitializePlatformSupportModulesInManaged (14ms)
				SetLoadedEditorAssemblies (9ms)
				RefreshPlugins (0ms)
				BeforeProcessingInitializeOnLoad (81ms)
				ProcessInitializeOnLoadAttributes (493ms)
				ProcessInitializeOnLoadMethodAttributes (30ms)
				AfterProcessingInitializeOnLoad (10ms)
				EditorAssembliesLoaded (0ms)
			ExecutionOrderSort2 (0ms)
			AwakeInstancesAfterBackupRestoration (6ms)
Launched and connected shader compiler UnityShaderCompiler.exe after 0.04 seconds
Refreshing native plugins compatible for Editor in 4.06 ms, found 3 plugins.
Preloading 0 native plugins for Editor in 0.00 ms.
Unloading 3377 Unused Serialized files (Serialized files now loaded: 0)
Unloading 26 unused Assets / (67.9 KB). Loaded Objects now: 3838.
Memory consumption went from 0.51 GB to 0.51 GB.
Total: 5.978100 ms (FindLiveObjects: 0.609800 ms CreateObjectMapping: 0.542200 ms MarkObjects: 4.711900 ms  DeleteObjects: 0.113200 ms)

AssetImportParameters requested are different than current active one (requested -> active):
  custom:container-demuxer-ogg: 62fdf1f143b41e24485cea50d1cbac27 -> 
  custom:video-decoder-ogg-theora: a1e56fd34408186e4bbccfd4996cb3dc -> 
  custom:framework-win-MediaFoundation: 216162199b28c13a410421893ffa2e32 -> 
  custom:container-demuxer-webm: 4f35f7cbe854078d1ac9338744f61a02 -> 
  custom:container-muxer-webm: aa71ff27fc2769a1b78a27578f13a17b -> 
  custom:video-decoder-webm-vp8: 9c59270c3fd7afecdb556c50c9e8de78 -> 
  custom:AudioImporter_EditorPlatform: d09bf68614088b80899f8185d706f6e7 -> 
  custom:video-encoder-webm-vp8: eb34c28f22e8b96e1ab97ce403110664 -> 
  custom:audio-decoder-ogg-vorbis: bf7c407c2cedff20999df2af8eb42d56 -> 
  custom:audio-encoder-webm-vorbis: bf7c407c2cedff20999df2af8eb42d56 -> 
========================================================================
Received Import Request.
  Time since last request: 260529.985510 seconds.
  path: Assets/Models/Hearts
  artifactKey: Guid(ae99c2ab3df62e045b0168e4474cefb8) Importer(815301076,1909f56bfc062723c751e8b465ee728b)
Number of updated assets reloaded before import = 0
Start importing Assets/Models/Hearts using Guid(ae99c2ab3df62e045b0168e4474cefb8) Importer(815301076,1909f56bfc062723c751e8b465ee728b)  -> (artifact id: 'd762c1b219e3a996ae6c84bb1c2bdc7c') in 0.012334 seconds 
Number of asset objects unloaded after import = 0
========================================================================
Received Import Request.
  Time since last request: 0.037720 seconds.
  path: Assets/Models/Hearts/Heart_2.FBX
  artifactKey: Guid(f88b87af921b26741b77accf0a7108ea) Importer(815301076,1909f56bfc062723c751e8b465ee728b)
Number of updated assets reloaded before import = 0
Start importing Assets/Models/Hearts/Heart_2.FBX using Guid(f88b87af921b26741b77accf0a7108ea) Importer(815301076,1909f56bfc062723c751e8b465ee728b)  -> (artifact id: '9f12606c09e8f73aca8acb0fb8c33dc5') in 0.294289 seconds 
Number of asset objects unloaded after import = 10
========================================================================
Received Import Request.
  Time since last request: 12.063868 seconds.
  path: Assets/Materials
  artifactKey: Guid(40de23f753575194a893f746bfee68f1) Importer(815301076,1909f56bfc062723c751e8b465ee728b)
Number of updated assets reloaded before import = 0
Start importing Assets/Materials using Guid(40de23f753575194a893f746bfee68f1) Importer(815301076,1909f56bfc062723c751e8b465ee728b)  -> (artifact id: 'ed945ce919ce0e7052346bea082cba18') in 0.016286 seconds 
Number of asset objects unloaded after import = 0
========================================================================
Received Import Request.
  Time since last request: 0.037494 seconds.
  path: Assets/Materials/Cards.mat
  artifactKey: Guid(2279ae9a49789f54f8a5e276ca121409) Importer(815301076,1909f56bfc062723c751e8b465ee728b)
Number of updated assets reloaded before import = 0
Start importing Assets/Materials/Cards.mat using Guid(2279ae9a49789f54f8a5e276ca121409) Importer(815301076,1909f56bfc062723c751e8b465ee728b)  -> (artifact id: '66f9eb09ce222a4c0918933ecb234ef9') in 0.208831 seconds 
Number of asset objects unloaded after import = 2
========================================================================
Received Import Request.
  Time since last request: 1.074412 seconds.
  path: Assets/Textures/Card Textures.png
  artifactKey: Guid(e923c6082eef89646b87f3cce6960c60) Importer(815301076,1909f56bfc062723c751e8b465ee728b)
Number of updated assets reloaded before import = 0
Start importing Assets/Textures/Card Textures.png using Guid(e923c6082eef89646b87f3cce6960c60) Importer(815301076,1909f56bfc062723c751e8b465ee728b)  -> (artifact id: '1e663cc8a6f8c5999cbe510d67da665c') in 0.072703 seconds 
Number of asset objects unloaded after import = 2
========================================================================
Received Import Request.
  Time since last request: 123.808182 seconds.
  path: Assets/[Scenes]
  artifactKey: Guid(372a91cdbe1f68d49ba3013ecdf00db8) Importer(815301076,1909f56bfc062723c751e8b465ee728b)
Number of updated assets reloaded before import = 0
Start importing Assets/[Scenes] using Guid(372a91cdbe1f68d49ba3013ecdf00db8) Importer(815301076,1909f56bfc062723c751e8b465ee728b)  -> (artifact id: '934d33b0c390610b6c46f030b0a119b3') in 0.015359 seconds 
Number of asset objects unloaded after import = 0
========================================================================
Received Import Request.
  Time since last request: 5.787819 seconds.
  path: Assets/[Scenes]/Main 1.unity
  artifactKey: Guid(324bdd53db58cd646925514bc3ecbae6) Importer(815301076,1909f56bfc062723c751e8b465ee728b)
Number of updated assets reloaded before import = 0
Start importing Assets/[Scenes]/Main 1.unity using Guid(324bdd53db58cd646925514bc3ecbae6) Importer(815301076,1909f56bfc062723c751e8b465ee728b)  -> (artifact id: '879f3ace4c19a12358348f06ab430461') in 0.016340 seconds 
Number of asset objects unloaded after import = 0
========================================================================
Received Import Request.
  Time since last request: 7.257199 seconds.
  path: Assets/[Scenes]/Main.unity
  artifactKey: Guid(9fc0d4010bbf28b4594072e72b8655ab) Importer(815301076,1909f56bfc062723c751e8b465ee728b)
Number of updated assets reloaded before import = 0
Start importing Assets/[Scenes]/Main.unity using Guid(9fc0d4010bbf28b4594072e72b8655ab) Importer(815301076,1909f56bfc062723c751e8b465ee728b)  -> (artifact id: '47d618247afc51e1e9943e3f3772e2b9') in 0.014228 seconds 
Number of asset objects unloaded after import = 0
========================================================================
Received Import Request.
  Time since last request: 1397.036238 seconds.
  path: Assets/[Scripts]
  artifactKey: Guid(d7a698f9186c83d45a486de38e539849) Importer(815301076,1909f56bfc062723c751e8b465ee728b)
Number of updated assets reloaded before import = 0
Start importing Assets/[Scripts] using Guid(d7a698f9186c83d45a486de38e539849) Importer(815301076,1909f56bfc062723c751e8b465ee728b)  -> (artifact id: 'b063a64c0b0f0e897b0a623c906dd1ab') in 0.021554 seconds 
Number of asset objects unloaded after import = 0
========================================================================
Received Import Request.
  Time since last request: 7.396092 seconds.
  path: Assets/[Scripts]/Card.cs
  artifactKey: Guid(e153235d7d685ea4284bd5a09d0d5f6f) Importer(815301076,1909f56bfc062723c751e8b465ee728b)
Number of updated assets reloaded before import = 0
Start importing Assets/[Scripts]/Card.cs using Guid(e153235d7d685ea4284bd5a09d0d5f6f) Importer(815301076,1909f56bfc062723c751e8b465ee728b)  -> (artifact id: '7d589187290a56d51b2b606c501dc2f5') in 0.016420 seconds 
Number of asset objects unloaded after import = 0
========================================================================
Received Prepare
Begin MonoManager ReloadAssembly
Symbol file LoadedFromMemory doesn't match image D:\School\Unity Projects\GDD403-W2023-ICE2\Library\PackageCache\com.unity.visualscripting@1.7.8\Editor\VisualScripting.Core\Dependencies\YamlDotNet\Unity.VisualScripting.YamlDotNet.dll
Symbol file LoadedFromMemory doesn't match image D:\School\Unity Projects\GDD403-W2023-ICE2\Library\PackageCache\com.unity.visualscripting@1.7.8\Editor\VisualScripting.Core\Dependencies\DotNetZip\Unity.VisualScripting.IonicZip.dll
- Loaded All Assemblies, in  0.943 seconds
Refreshing native plugins compatible for Editor in 3.50 ms, found 3 plugins.
Native extension for WindowsStandalone target not found
Native extension for WebGL target not found
Mono: successfully reloaded assembly
- Finished resetting the current domain, in  0.981 seconds
Domain Reload Profiling:
	ReloadAssembly (235ms)
		BeginReloadAssembly (155ms)
			ExecutionOrderSort (0ms)
			DisableScriptedObjects (4ms)
			BackupInstance (0ms)
			ReleaseScriptingObjects (0ms)
			CreateAndSetChildDomain (48ms)
		LoadAllAssembliesAndSetupDomain (705ms)
			LoadAssemblies (98ms)
			RebuildTransferFunctionScriptingTraits (0ms)
			SetupTypeCache (672ms)
				TypeCache.Initialize (327ms)
					TypeCache.ScanAssembly (321ms)
				ResolveRequiredComponents (4ms)
		FinalizeReload (0ms)
			ReleaseScriptCaches (0ms)
			RebuildScriptCaches (0ms)
			SetupLoadedEditorAssemblies (574ms)
				LogAssemblyErrors (0ms)
				InitializePlatformSupportModulesInManaged (17ms)
				SetLoadedEditorAssemblies (9ms)
				RefreshPlugins (0ms)
				BeforeProcessingInitializeOnLoad (83ms)
				ProcessInitializeOnLoadAttributes (430ms)
				ProcessInitializeOnLoadMethodAttributes (25ms)
				AfterProcessingInitializeOnLoad (9ms)
				EditorAssembliesLoaded (0ms)
			ExecutionOrderSort2 (0ms)
			AwakeInstancesAfterBackupRestoration (6ms)
Refreshing native plugins compatible for Editor in 6.85 ms, found 3 plugins.
Preloading 0 native plugins for Editor in 0.00 ms.
Unloading 3371 Unused Serialized files (Serialized files now loaded: 0)
Unloading 21 unused Assets / (34.8 KB). Loaded Objects now: 3890.
Memory consumption went from 0.51 GB to 0.51 GB.
Total: 5.088800 ms (FindLiveObjects: 0.622600 ms CreateObjectMapping: 0.578700 ms MarkObjects: 3.843400 ms  DeleteObjects: 0.041800 ms)

AssetImportParameters requested are different than current active one (requested -> active):
  custom:container-demuxer-ogg: 62fdf1f143b41e24485cea50d1cbac27 -> 
  custom:video-decoder-ogg-theora: a1e56fd34408186e4bbccfd4996cb3dc -> 
  custom:framework-win-MediaFoundation: 216162199b28c13a410421893ffa2e32 -> 
  custom:container-demuxer-webm: 4f35f7cbe854078d1ac9338744f61a02 -> 
  custom:container-muxer-webm: aa71ff27fc2769a1b78a27578f13a17b -> 
  custom:video-decoder-webm-vp8: 9c59270c3fd7afecdb556c50c9e8de78 -> 
  custom:AudioImporter_EditorPlatform: d09bf68614088b80899f8185d706f6e7 -> 
  custom:video-encoder-webm-vp8: eb34c28f22e8b96e1ab97ce403110664 -> 
  custom:audio-decoder-ogg-vorbis: bf7c407c2cedff20999df2af8eb42d56 -> 
  custom:audio-encoder-webm-vorbis: bf7c407c2cedff20999df2af8eb42d56 -> 
========================================================================
Received Import Request.
  Time since last request: 122.637065 seconds.
  path: Assets/Resources
  artifactKey: Guid(c442623ea3011304289c437b44dd64cb) Importer(815301076,1909f56bfc062723c751e8b465ee728b)
Number of updated assets reloaded before import = 0
Start importing Assets/Resources using Guid(c442623ea3011304289c437b44dd64cb) Importer(815301076,1909f56bfc062723c751e8b465ee728b)  -> (artifact id: 'f277b79d549b95c75460b770ee53f754') in 0.018439 seconds 
Number of asset objects unloaded after import = 0
========================================================================
Received Import Request.
  Time since last request: 0.867999 seconds.
  path: Assets/Resources/Prefabs
  artifactKey: Guid(5a6c7a1ec55e5394aac1c08e3b01d914) Importer(815301076,1909f56bfc062723c751e8b465ee728b)
Number of updated assets reloaded before import = 0
Start importing Assets/Resources/Prefabs using Guid(5a6c7a1ec55e5394aac1c08e3b01d914) Importer(815301076,1909f56bfc062723c751e8b465ee728b)  -> (artifact id: '717abc53dfc6eac30a502a7d1c57aeb5') in 0.017927 seconds 
Number of asset objects unloaded after import = 0
========================================================================
Received Import Request.
  Time since last request: 0.038755 seconds.
  path: Assets/Resources/Prefabs/Table.prefab
  artifactKey: Guid(35dbbf1570996e344a26cfc7e2b0c173) Importer(815301076,1909f56bfc062723c751e8b465ee728b)
Number of updated assets reloaded before import = 0
Start importing Assets/Resources/Prefabs/Table.prefab using Guid(35dbbf1570996e344a26cfc7e2b0c173) Importer(815301076,1909f56bfc062723c751e8b465ee728b)  -> (artifact id: '2afc42801d874ed49948a43f120eccb5') in 0.335430 seconds 
Number of asset objects unloaded after import = 22
========================================================================
Received Import Request.
  Time since last request: 0.847607 seconds.
  path: Assets/Resources/Prefabs/Cards
  artifactKey: Guid(15538565e69bb0e46a01d68d88bed09a) Importer(815301076,1909f56bfc062723c751e8b465ee728b)
Number of updated assets reloaded before import = 0
Start importing Assets/Resources/Prefabs/Cards using Guid(15538565e69bb0e46a01d68d88bed09a) Importer(815301076,1909f56bfc062723c751e8b465ee728b)  -> (artifact id: '48c4da47720b255f4d87301df5b9e80a') in 0.010860 seconds 
Number of asset objects unloaded after import = 0
========================================================================
Received Import Request.
  Time since last request: 31.061396 seconds.
  path: Assets/Resources/Prefabs/Cards/Clubs
  artifactKey: Guid(77a57ced16ac70341859c7efe31dd548) Importer(815301076,1909f56bfc062723c751e8b465ee728b)
Number of updated assets reloaded before import = 0
Start importing Assets/Resources/Prefabs/Cards/Clubs using Guid(77a57ced16ac70341859c7efe31dd548) Importer(815301076,1909f56bfc062723c751e8b465ee728b)  -> (artifact id: 'dbdda221140ad545e281f220840ab03c') in 0.015914 seconds 
Number of asset objects unloaded after import = 0
========================================================================
Received Import Request.
  Time since last request: 0.015873 seconds.
  path: Assets/Resources/Prefabs/Cards/Clubs/Club_2.prefab
  artifactKey: Guid(fa960ab76c3a0c3408c23d6561a3f80d) Importer(815301076,1909f56bfc062723c751e8b465ee728b)
Number of updated assets reloaded before import = 0
Start importing Assets/Resources/Prefabs/Cards/Clubs/Club_2.prefab using Guid(fa960ab76c3a0c3408c23d6561a3f80d) Importer(815301076,1909f56bfc062723c751e8b465ee728b)  -> (artifact id: '9d7b6620a6a4d8cc0b3fc1196471636a') in 0.088654 seconds 
Number of asset objects unloaded after import = 11
========================================================================
Received Import Request.
  Time since last request: 0.000027 seconds.
  path: Assets/Resources/Prefabs/Cards/Clubs/Club_4.prefab
  artifactKey: Guid(fdda013c621d80a4ca6b9dc3d43b9a8e) Importer(815301076,1909f56bfc062723c751e8b465ee728b)
Number of updated assets reloaded before import = 0
Start importing Assets/Resources/Prefabs/Cards/Clubs/Club_4.prefab using Guid(fdda013c621d80a4ca6b9dc3d43b9a8e) Importer(815301076,1909f56bfc062723c751e8b465ee728b)  -> (artifact id: '872c1b137be8d844697793ea5bdb506f') in 0.054244 seconds 
Number of asset objects unloaded after import = 11
========================================================================
Received Import Request.
  Time since last request: 0.000027 seconds.
  path: Assets/Resources/Prefabs/Cards/Clubs/Club_10.prefab
  artifactKey: Guid(0f32432364ae1154ba8075e79f72c14a) Importer(815301076,1909f56bfc062723c751e8b465ee728b)
Number of updated assets reloaded before import = 0
Start importing Assets/Resources/Prefabs/Cards/Clubs/Club_10.prefab using Guid(0f32432364ae1154ba8075e79f72c14a) Importer(815301076,1909f56bfc062723c751e8b465ee728b)  -> (artifact id: '54a24bd6bba751d7632e63ed92117575') in 0.053326 seconds 
Number of asset objects unloaded after import = 11
========================================================================
Received Import Request.
  Time since last request: 0.000043 seconds.
  path: Assets/Resources/Prefabs/Cards/Clubs/Club_8.prefab
  artifactKey: Guid(a1dfaaeb1fa02cf40b568c1300b39e66) Importer(815301076,1909f56bfc062723c751e8b465ee728b)
Number of updated assets reloaded before import = 0
Start importing Assets/Resources/Prefabs/Cards/Clubs/Club_8.prefab using Guid(a1dfaaeb1fa02cf40b568c1300b39e66) Importer(815301076,1909f56bfc062723c751e8b465ee728b)  -> (artifact id: '2729f103736e26030a0818f30bdc2f7e') in 0.063194 seconds 
Number of asset objects unloaded after import = 11
========================================================================
Received Import Request.
  Time since last request: 0.000014 seconds.
  path: Assets/Resources/Prefabs/Cards/Clubs/Club_J.prefab
  artifactKey: Guid(a32532b86eb772f47b346df684d210a7) Importer(815301076,1909f56bfc062723c751e8b465ee728b)
Number of updated assets reloaded before import = 0
Start importing Assets/Resources/Prefabs/Cards/Clubs/Club_J.prefab using Guid(a32532b86eb772f47b346df684d210a7) Importer(815301076,1909f56bfc062723c751e8b465ee728b)  -> (artifact id: '7e2248f809be7ab7f4432e6d0f7b8ca3') in 0.062248 seconds 
Number of asset objects unloaded after import = 11
========================================================================
Received Import Request.
  Time since last request: 0.000024 seconds.
  path: Assets/Resources/Prefabs/Cards/Clubs/Club_Q.prefab
  artifactKey: Guid(33bd8d95adb7f3a41813bd38ac02f9df) Importer(815301076,1909f56bfc062723c751e8b465ee728b)
Number of updated assets reloaded before import = 0
Start importing Assets/Resources/Prefabs/Cards/Clubs/Club_Q.prefab using Guid(33bd8d95adb7f3a41813bd38ac02f9df) Importer(815301076,1909f56bfc062723c751e8b465ee728b)  -> (artifact id: '783bfbb42bdca09e78d998140d09b1b0') in 0.060269 seconds 
Number of asset objects unloaded after import = 11
========================================================================
Received Import Request.
  Time since last request: 0.000023 seconds.
  path: Assets/Resources/Prefabs/Cards/Clubs/Club_K.prefab
  artifactKey: Guid(413b80ad7f4cadf428dd5827fab0b827) Importer(815301076,1909f56bfc062723c751e8b465ee728b)
Number of updated assets reloaded before import = 0
Start importing Assets/Resources/Prefabs/Cards/Clubs/Club_K.prefab using Guid(413b80ad7f4cadf428dd5827fab0b827) Importer(815301076,1909f56bfc062723c751e8b465ee728b)  -> (artifact id: '6b9341692c5f35b8ea5de4cd5527fb90') in 0.061202 seconds 
Number of asset objects unloaded after import = 11
========================================================================
Received Import Request.
  Time since last request: 0.000057 seconds.
  path: Assets/Resources/Prefabs/Cards/Clubs/Club_6.prefab
  artifactKey: Guid(44590bdce0ae42e41914008be1fb6130) Importer(815301076,1909f56bfc062723c751e8b465ee728b)
Number of updated assets reloaded before import = 0
Start importing Assets/Resources/Prefabs/Cards/Clubs/Club_6.prefab using Guid(44590bdce0ae42e41914008be1fb6130) Importer(815301076,1909f56bfc062723c751e8b465ee728b)  -> (artifact id: '90aaaf073c918df5eec730a25a6d8f30') in 0.060397 seconds 
Number of asset objects unloaded after import = 11
========================================================================
Received Import Request.
  Time since last request: 5.763927 seconds.
  path: Assets/Resources/Prefabs/Cards/Spades
  artifactKey: Guid(36a0e16def62aea429610c401b28c804) Importer(815301076,1909f56bfc062723c751e8b465ee728b)
Number of updated assets reloaded before import = 0
Start importing Assets/Resources/Prefabs/Cards/Spades using Guid(36a0e16def62aea429610c401b28c804) Importer(815301076,1909f56bfc062723c751e8b465ee728b)  -> (artifact id: '0f1ddad0cc0b6a952733007ae277434f') in 0.010932 seconds 
Number of asset objects unloaded after import = 0
========================================================================
Received Import Request.
  Time since last request: 0.046037 seconds.
  path: Assets/Resources/Prefabs/Cards/Spades/Spade_2.prefab
  artifactKey: Guid(96496d4765f66534e9990ee06dc533ee) Importer(815301076,1909f56bfc062723c751e8b465ee728b)
Number of updated assets reloaded before import = 0
Start importing Assets/Resources/Prefabs/Cards/Spades/Spade_2.prefab using Guid(96496d4765f66534e9990ee06dc533ee) Importer(815301076,1909f56bfc062723c751e8b465ee728b)  -> (artifact id: 'ceb60b1c0703ac6a550f9e5a00acab01') in 0.068053 seconds 
Number of asset objects unloaded after import = 11
========================================================================
Received Import Request.
  Time since last request: 0.000017 seconds.
  path: Assets/Resources/Prefabs/Cards/Spades/Spade_7.prefab
  artifactKey: Guid(c9fcd9de44434864dbc089c55a0f8d10) Importer(815301076,1909f56bfc062723c751e8b465ee728b)
Number of updated assets reloaded before import = 0
Start importing Assets/Resources/Prefabs/Cards/Spades/Spade_7.prefab using Guid(c9fcd9de44434864dbc089c55a0f8d10) Importer(815301076,1909f56bfc062723c751e8b465ee728b)  -> (artifact id: 'a88304abeedaa02d00771f95e0e880fa') in 0.078161 seconds 
Number of asset objects unloaded after import = 11
========================================================================
Received Import Request.
  Time since last request: 0.000034 seconds.
  path: Assets/Resources/Prefabs/Cards/Spades/Spade_J.prefab
  artifactKey: Guid(6cacf8437ae2e904dbde8564088cc61a) Importer(815301076,1909f56bfc062723c751e8b465ee728b)
Number of updated assets reloaded before import = 0
Start importing Assets/Resources/Prefabs/Cards/Spades/Spade_J.prefab using Guid(6cacf8437ae2e904dbde8564088cc61a) Importer(815301076,1909f56bfc062723c751e8b465ee728b)  -> (artifact id: '48096744bde880c4ba1d94b2f001c1cc') in 0.086274 seconds 
Number of asset objects unloaded after import = 11
========================================================================
Received Import Request.
  Time since last request: 0.000021 seconds.
  path: Assets/Resources/Prefabs/Cards/Spades/Spade_9.prefab
  artifactKey: Guid(d305ebe1428b8bb498d22fff6a8e2ff1) Importer(815301076,1909f56bfc062723c751e8b465ee728b)
Number of updated assets reloaded before import = 0
Start importing Assets/Resources/Prefabs/Cards/Spades/Spade_9.prefab using Guid(d305ebe1428b8bb498d22fff6a8e2ff1) Importer(815301076,1909f56bfc062723c751e8b465ee728b)  -> (artifact id: '3dcdb19726db4885b07c4e59c99cb7f6') in 0.077702 seconds 
Number of asset objects unloaded after import = 11
Editor requested this worker to shutdown with reason: Scaling down because of idle timeout
TcpMessagingSession - receive error: operation aborted. errorcode: 995, details: The I/O operation has been aborted because of either a thread exit or an application request.
AssetImportWorker is now disconnected from the server
Process exiting
Exiting without the bug reporter. Application will terminate with return code 0